<?xml version="1.0" encoding="UTF-8"?>
<testng-results ignored="0" total="1" passed="1" failed="0" skipped="0">
  <reporter-output>
  </reporter-output>
  <suite started-at="2021-05-16T01:18:55 IST" name="Default suite" finished-at="2021-05-16T01:19:27 IST" duration-ms="31378">
    <groups>
    </groups>
    <test started-at="2021-05-16T01:18:55 IST" name="Default test" finished-at="2021-05-16T01:19:27 IST" duration-ms="31378">
      <class name="CreateAccount.IeeeSignin">
        <test-method signature="ExistingEmail()[pri:0, instance:CreateAccount.IeeeSignin@87a85e1]" started-at="2021-05-16T01:18:55 IST" name="ExistingEmail" finished-at="2021-05-16T01:19:27 IST" duration-ms="31293" status="PASS">
          <reporter-output>
          </reporter-output>
        </test-method> <!-- ExistingEmail -->
      </class> <!-- CreateAccount.IeeeSignin -->
    </test> <!-- Default test -->
  </suite> <!-- Default suite -->
</testng-results>
